<?xml version="1.0" encoding="UTF-8"?>
<!-- Generated by org.testng.reporters.JUnitReportReporter -->
<testsuite skipped="0" hostname="DESKTOP-TVEQ2AT" name="crm.pom.testdata.Logintest" tests="3" failures="0" timestamp="2019-11-29T22:44:36 PST" time="40.250" errors="0">
  <testcase name="loginPageTitleTest" time="13.425" classname="crm.pom.testdata.Logintest"/>
  <testcase name="crmlogoimagetest" time="13.883" classname="crm.pom.testdata.Logintest"/>
  <testcase name="login" time="12.942" classname="crm.pom.testdata.Logintest"/>
</testsuite> <!-- crm.pom.testdata.Logintest -->
