<?xml version="1.0" encoding="UTF-8"?>
<!-- Generated by org.testng.reporters.JUnitReportReporter -->
<testsuite skipped="0" hostname="DESKTOP-TVEQ2AT" name="crm.pom.testdata.HomepageTest" tests="1" failures="0" timestamp="2019-11-30T03:35:15 PST" time="1.202" errors="0">
  <testcase name="verifyhomepagetitile" time="1.202" classname="crm.pom.testdata.HomepageTest"/>
</testsuite> <!-- crm.pom.testdata.HomepageTest -->
