<?xml version="1.0" encoding="UTF-8"?>
<!-- Generated by org.testng.reporters.JUnitReportReporter -->
<testsuite skipped="0" hostname="DESKTOP-TVEQ2AT" name="crm.pom.testdata.ContactsTest" tests="1" failures="0" timestamp="2019-11-27T03:18:55 PST" time="15.233" errors="0">
  <testcase name="checkcontactslabel" time="15.233" classname="crm.pom.testdata.ContactsTest"/>
</testsuite> <!-- crm.pom.testdata.ContactsTest -->
